<?xml version="1.0" encoding="UTF-8"?>
<!-- Generated by org.testng.reporters.JUnitReportReporter -->
<testsuite skipped="0" hostname="LAPTOP-9TFD2GFD" name="testcases.NewTest" tests="2" failures="0" timestamp="28 Aug 2021 12:37:22 GMT" time="10.760" errors="0">
  <testcase name="f" time="4.740" classname="testcases.NewTest"/>
  <testcase name="f1" time="6.020" classname="testcases.NewTest"/>
</testsuite> <!-- testcases.NewTest -->
