<?xml version="1.0" encoding="UTF-8"?>
<!-- Generated by org.testng.reporters.JUnitReportReporter -->
<testsuite skipped="0" hostname="LAPTOP-9TFD2GFD" name="testcases.NewTest" tests="2" failures="0" timestamp="28 Aug 2021 15:25:11 GMT" time="11.711" errors="0">
  <testcase name="f" time="2.666" classname="testcases.NewTest"/>
  <testcase name="f1" time="9.045" classname="testcases.NewTest"/>
</testsuite> <!-- testcases.NewTest -->
